{"/Users/mugishainnocent/Documents/Testing_practice/stringLength.js": {"path":"/Users/mugishainnocent/Documents/Testing_practice/stringLength.js","statementMap":{"0":{"start":{"line":1,"column":21},"end":{"line":7,"column":3}},"1":{"start":{"line":2,"column":4},"end":{"line":6,"column":5}},"2":{"start":{"line":3,"column":6},"end":{"line":3,"column":24}},"3":{"start":{"line":5,"column":6},"end":{"line":5,"column":53}},"4":{"start":{"line":9,"column":2},"end":{"line":9,"column":32}}},"fnMap":{"0":{"name":"(anonymous_0)","decl":{"start":{"line":1,"column":21},"end":{"line":1,"column":22}},"loc":{"start":{"line":1,"column":30},"end":{"line":7,"column":3}},"line":1}},"branchMap":{"0":{"loc":{"start":{"line":2,"column":4},"end":{"line":6,"column":5}},"type":"if","locations":[{"start":{"line":2,"column":4},"end":{"line":6,"column":5}},{"start":{"line":4,"column":11},"end":{"line":6,"column":5}}],"line":2},"1":{"loc":{"start":{"line":2,"column":8},"end":{"line":2,"column":41}},"type":"binary-expr","locations":[{"start":{"line":2,"column":8},"end":{"line":2,"column":22}},{"start":{"line":2,"column":26},"end":{"line":2,"column":41}}],"line":2}},"s":{"0":1,"1":1,"2":0,"3":1,"4":1},"f":{"0":1},"b":{"0":[0,1],"1":[1,1]},"_coverageSchema":"1a1c01bbd47fc00a2c39e90264f33305004495a9","hash":"c23b224d06974d573002d88ed3de9ebdd4512287"}
}
